{"E:\\IT-incubator\\It-kamasutra\\homeWorks\\hw-01\\__tests__\\test-helpers.ts": {"path":"E:\\IT-incubator\\It-kamasutra\\homeWorks\\hw-01\\__tests__\\test-helpers.ts","statementMap":{"0":{"start":{"line":1,"column":0},"end":{"line":1,"column":33}},"1":{"start":{"line":2,"column":0},"end":{"line":2,"column":34}},"2":{"start":{"line":3,"column":13},"end":{"line":3,"column":30}}},"fnMap":{},"branchMap":{},"s":{"0":1,"1":1,"2":1},"f":{},"b":{}}
,"E:\\IT-incubator\\It-kamasutra\\homeWorks\\hw-01\\src\\app.ts": {"path":"E:\\IT-incubator\\It-kamasutra\\homeWorks\\hw-01\\src\\app.ts","statementMap":{"0":{"start":{"line":1,"column":0},"end":{"line":1,"column":30}},"1":{"start":{"line":2,"column":0},"end":{"line":2,"column":24}},"2":{"start":{"line":3,"column":0},"end":{"line":3,"column":54}},"3":{"start":{"line":4,"column":0},"end":{"line":4,"column":46}},"4":{"start":{"line":5,"column":0},"end":{"line":5,"column":29}},"5":{"start":{"line":6,"column":0},"end":{"line":6,"column":78}},"6":{"start":{"line":8,"column":13},"end":{"line":8,"column":29}},"7":{"start":{"line":10,"column":0},"end":{"line":10,"column":24}},"8":{"start":{"line":11,"column":0},"end":{"line":11,"column":16}},"9":{"start":{"line":12,"column":0},"end":{"line":12,"column":42}},"10":{"start":{"line":14,"column":0},"end":{"line":17,"column":3}},"11":{"start":{"line":15,"column":2},"end":{"line":15,"column":17}},"12":{"start":{"line":16,"column":2},"end":{"line":16,"column":47}}},"fnMap":{"0":{"name":"(anonymous_1)","decl":{"start":{"line":14,"column":32},"end":{"line":14,"column":33}},"loc":{"start":{"line":14,"column":45},"end":{"line":17,"column":1}}}},"branchMap":{},"s":{"0":1,"1":1,"2":1,"3":1,"4":1,"5":1,"6":1,"7":1,"8":1,"9":1,"10":1,"11":0,"12":0},"f":{"0":0},"b":{}}
,"E:\\IT-incubator\\It-kamasutra\\homeWorks\\hw-01\\src\\db\\db.ts": {"path":"E:\\IT-incubator\\It-kamasutra\\homeWorks\\hw-01\\src\\db\\db.ts","statementMap":{"0":{"start":{"line":4,"column":13},"end":{"line":4,"column":41}},"1":{"start":{"line":5,"column":21},"end":{"line":12,"column":1}},"2":{"start":{"line":6,"column":2},"end":{"line":11,"column":3}},"3":{"start":{"line":7,"column":4},"end":{"line":7,"column":19}},"4":{"start":{"line":8,"column":4},"end":{"line":8,"column":11}},"5":{"start":{"line":10,"column":4},"end":{"line":10,"column":44}},"6":{"start":{"line":5,"column":13},"end":{"line":5,"column":21}}},"fnMap":{"0":{"name":"(anonymous_0)","decl":{"start":{"line":5,"column":21},"end":{"line":5,"column":22}},"loc":{"start":{"line":5,"column":42},"end":{"line":12,"column":1}}}},"branchMap":{"0":{"loc":{"start":{"line":6,"column":2},"end":{"line":11,"column":3}},"type":"if","locations":[{"start":{"line":6,"column":2},"end":{"line":11,"column":3}},{"start":{"line":9,"column":9},"end":{"line":11,"column":3}}]},"1":{"loc":{"start":{"line":10,"column":16},"end":{"line":10,"column":43}},"type":"binary-expr","locations":[{"start":{"line":10,"column":16},"end":{"line":10,"column":30}},{"start":{"line":10,"column":34},"end":{"line":10,"column":43}}]}},"s":{"0":1,"1":1,"2":1,"3":1,"4":1,"5":0,"6":1},"f":{"0":1},"b":{"0":[1,0],"1":[0,0]}}
,"E:\\IT-incubator\\It-kamasutra\\homeWorks\\hw-01\\src\\videos\\router.ts": {"path":"E:\\IT-incubator\\It-kamasutra\\homeWorks\\hw-01\\src\\videos\\router.ts","statementMap":{"0":{"start":{"line":1,"column":0},"end":{"line":1,"column":33}},"1":{"start":{"line":2,"column":0},"end":{"line":2,"column":70}},"2":{"start":{"line":3,"column":0},"end":{"line":3,"column":76}},"3":{"start":{"line":4,"column":0},"end":{"line":4,"column":76}},"4":{"start":{"line":5,"column":0},"end":{"line":5,"column":76}},"5":{"start":{"line":7,"column":13},"end":{"line":7,"column":36}},"6":{"start":{"line":8,"column":0},"end":{"line":8,"column":41}},"7":{"start":{"line":9,"column":0},"end":{"line":9,"column":44}},"8":{"start":{"line":10,"column":0},"end":{"line":10,"column":47}},"9":{"start":{"line":11,"column":0},"end":{"line":11,"column":50}},"10":{"start":{"line":12,"column":0},"end":{"line":12,"column":45}}},"fnMap":{},"branchMap":{},"s":{"0":1,"1":1,"2":1,"3":1,"4":1,"5":1,"6":1,"7":1,"8":1,"9":1,"10":1},"f":{},"b":{}}
,"E:\\IT-incubator\\It-kamasutra\\homeWorks\\hw-01\\src\\videos\\controllers\\createVideoController.ts": {"path":"E:\\IT-incubator\\It-kamasutra\\homeWorks\\hw-01\\src\\videos\\controllers\\createVideoController.ts","statementMap":{"0":{"start":{"line":3,"column":0},"end":{"line":3,"column":33}},"1":{"start":{"line":4,"column":0},"end":{"line":4,"column":72}},"2":{"start":{"line":6,"column":0},"end":{"line":6,"column":70}},"3":{"start":{"line":7,"column":0},"end":{"line":7,"column":51}},"4":{"start":{"line":11,"column":37},"end":{"line":23,"column":1}},"5":{"start":{"line":15,"column":17},"end":{"line":15,"column":42}},"6":{"start":{"line":16,"column":2},"end":{"line":19,"column":3}},"7":{"start":{"line":17,"column":4},"end":{"line":17,"column":59}},"8":{"start":{"line":18,"column":4},"end":{"line":18,"column":11}},"9":{"start":{"line":20,"column":19},"end":{"line":20,"column":40}},"10":{"start":{"line":21,"column":2},"end":{"line":21,"column":27}},"11":{"start":{"line":22,"column":2},"end":{"line":22,"column":55}},"12":{"start":{"line":11,"column":13},"end":{"line":11,"column":37}}},"fnMap":{"0":{"name":"(anonymous_0)","decl":{"start":{"line":11,"column":37},"end":{"line":11,"column":null}},"loc":{"start":{"line":14,"column":4},"end":{"line":23,"column":1}}}},"branchMap":{"0":{"loc":{"start":{"line":16,"column":2},"end":{"line":19,"column":3}},"type":"if","locations":[{"start":{"line":16,"column":2},"end":{"line":19,"column":3}}]}},"s":{"0":1,"1":1,"2":1,"3":1,"4":1,"5":4,"6":4,"7":3,"8":3,"9":1,"10":1,"11":1,"12":1},"f":{"0":4},"b":{"0":[3]}}
,"E:\\IT-incubator\\It-kamasutra\\homeWorks\\hw-01\\src\\videos\\controllers\\deleteVideoController.ts": {"path":"E:\\IT-incubator\\It-kamasutra\\homeWorks\\hw-01\\src\\videos\\controllers\\deleteVideoController.ts","statementMap":{"0":{"start":{"line":4,"column":0},"end":{"line":4,"column":57}},"1":{"start":{"line":5,"column":0},"end":{"line":5,"column":33}},"2":{"start":{"line":6,"column":0},"end":{"line":6,"column":72}},"3":{"start":{"line":8,"column":37},"end":{"line":19,"column":1}},"4":{"start":{"line":12,"column":29},"end":{"line":12,"column":58}},"5":{"start":{"line":13,"column":2},"end":{"line":17,"column":3}},"6":{"start":{"line":14,"column":4},"end":{"line":14,"column":44}},"7":{"start":{"line":15,"column":4},"end":{"line":15,"column":49}},"8":{"start":{"line":16,"column":4},"end":{"line":16,"column":11}},"9":{"start":{"line":18,"column":2},"end":{"line":18,"column":46}},"10":{"start":{"line":8,"column":13},"end":{"line":8,"column":37}}},"fnMap":{"0":{"name":"(anonymous_0)","decl":{"start":{"line":8,"column":37},"end":{"line":8,"column":null}},"loc":{"start":{"line":11,"column":4},"end":{"line":19,"column":1}}}},"branchMap":{"0":{"loc":{"start":{"line":13,"column":2},"end":{"line":17,"column":3}},"type":"if","locations":[{"start":{"line":13,"column":2},"end":{"line":17,"column":3}}]}},"s":{"0":1,"1":1,"2":1,"3":1,"4":2,"5":2,"6":1,"7":1,"8":1,"9":1,"10":1},"f":{"0":2},"b":{"0":[1]}}
,"E:\\IT-incubator\\It-kamasutra\\homeWorks\\hw-01\\src\\videos\\controllers\\getVideoController.ts": {"path":"E:\\IT-incubator\\It-kamasutra\\homeWorks\\hw-01\\src\\videos\\controllers\\getVideoController.ts","statementMap":{"0":{"start":{"line":2,"column":0},"end":{"line":2,"column":33}},"1":{"start":{"line":4,"column":0},"end":{"line":4,"column":72}},"2":{"start":{"line":8,"column":34},"end":{"line":24,"column":1}},"3":{"start":{"line":12,"column":2},"end":{"line":23,"column":3}},"4":{"start":{"line":13,"column":4},"end":{"line":13,"column":53}},"5":{"start":{"line":14,"column":4},"end":{"line":14,"column":11}},"6":{"start":{"line":16,"column":18},"end":{"line":16,"column":64}},"7":{"start":{"line":16,"column":40},"end":{"line":16,"column":63}},"8":{"start":{"line":17,"column":4},"end":{"line":22,"column":5}},"9":{"start":{"line":18,"column":6},"end":{"line":18,"column":51}},"10":{"start":{"line":19,"column":6},"end":{"line":19,"column":13}},"11":{"start":{"line":21,"column":6},"end":{"line":21,"column":50}},"12":{"start":{"line":8,"column":13},"end":{"line":8,"column":34}}},"fnMap":{"0":{"name":"(anonymous_0)","decl":{"start":{"line":8,"column":34},"end":{"line":8,"column":null}},"loc":{"start":{"line":11,"column":4},"end":{"line":24,"column":1}}},"1":{"name":"(anonymous_1)","decl":{"start":{"line":16,"column":33},"end":{"line":16,"column":34}},"loc":{"start":{"line":16,"column":40},"end":{"line":16,"column":63}}}},"branchMap":{"0":{"loc":{"start":{"line":12,"column":2},"end":{"line":23,"column":3}},"type":"if","locations":[{"start":{"line":12,"column":2},"end":{"line":23,"column":3}},{"start":{"line":15,"column":9},"end":{"line":23,"column":3}}]},"1":{"loc":{"start":{"line":17,"column":4},"end":{"line":22,"column":5}},"type":"if","locations":[{"start":{"line":17,"column":4},"end":{"line":22,"column":5}},{"start":{"line":20,"column":11},"end":{"line":22,"column":5}}]}},"s":{"0":1,"1":1,"2":1,"3":7,"4":4,"5":4,"6":3,"7":3,"8":3,"9":2,"10":2,"11":1,"12":1},"f":{"0":7,"1":3},"b":{"0":[4,3],"1":[2,1]}}
,"E:\\IT-incubator\\It-kamasutra\\homeWorks\\hw-01\\src\\videos\\controllers\\updateVideoController.ts": {"path":"E:\\IT-incubator\\It-kamasutra\\homeWorks\\hw-01\\src\\videos\\controllers\\updateVideoController.ts","statementMap":{"0":{"start":{"line":7,"column":0},"end":{"line":7,"column":70}},"1":{"start":{"line":8,"column":0},"end":{"line":8,"column":72}},"2":{"start":{"line":9,"column":0},"end":{"line":9,"column":57}},"3":{"start":{"line":11,"column":0},"end":{"line":11,"column":33}},"4":{"start":{"line":13,"column":37},"end":{"line":33,"column":1}},"5":{"start":{"line":18,"column":17},"end":{"line":18,"column":42}},"6":{"start":{"line":19,"column":2},"end":{"line":22,"column":3}},"7":{"start":{"line":20,"column":4},"end":{"line":20,"column":59}},"8":{"start":{"line":21,"column":4},"end":{"line":21,"column":11}},"9":{"start":{"line":23,"column":29},"end":{"line":23,"column":58}},"10":{"start":{"line":24,"column":2},"end":{"line":31,"column":3}},"11":{"start":{"line":25,"column":4},"end":{"line":28,"column":6}},"12":{"start":{"line":29,"column":4},"end":{"line":29,"column":49}},"13":{"start":{"line":30,"column":4},"end":{"line":30,"column":11}},"14":{"start":{"line":32,"column":2},"end":{"line":32,"column":46}},"15":{"start":{"line":13,"column":13},"end":{"line":13,"column":37}}},"fnMap":{"0":{"name":"(anonymous_0)","decl":{"start":{"line":13,"column":37},"end":{"line":13,"column":null}},"loc":{"start":{"line":17,"column":4},"end":{"line":33,"column":1}}}},"branchMap":{"0":{"loc":{"start":{"line":19,"column":2},"end":{"line":22,"column":3}},"type":"if","locations":[{"start":{"line":19,"column":2},"end":{"line":22,"column":3}}]},"1":{"loc":{"start":{"line":24,"column":2},"end":{"line":31,"column":3}},"type":"if","locations":[{"start":{"line":24,"column":2},"end":{"line":31,"column":3}}]}},"s":{"0":1,"1":1,"2":1,"3":1,"4":1,"5":5,"6":5,"7":3,"8":3,"9":2,"10":2,"11":1,"12":1,"13":1,"14":1,"15":1},"f":{"0":5},"b":{"0":[3],"1":[1]}}
,"E:\\IT-incubator\\It-kamasutra\\homeWorks\\hw-01\\src\\videos\\settings\\resolutions.ts": {"path":"E:\\IT-incubator\\It-kamasutra\\homeWorks\\hw-01\\src\\videos\\settings\\resolutions.ts","statementMap":{"0":{"start":{"line":1,"column":0},"end":{"line":1,"column":null}},"1":{"start":{"line":2,"column":2},"end":{"line":2,"column":null}},"2":{"start":{"line":3,"column":2},"end":{"line":3,"column":null}},"3":{"start":{"line":4,"column":2},"end":{"line":4,"column":null}},"4":{"start":{"line":5,"column":2},"end":{"line":5,"column":null}},"5":{"start":{"line":6,"column":2},"end":{"line":6,"column":null}},"6":{"start":{"line":7,"column":2},"end":{"line":7,"column":null}},"7":{"start":{"line":8,"column":2},"end":{"line":8,"column":null}},"8":{"start":{"line":9,"column":2},"end":{"line":9,"column":null}}},"fnMap":{"0":{"name":"(anonymous_0)","decl":{"start":{"line":1,"column":0},"end":{"line":1,"column":12}},"loc":{"start":{"line":1,"column":23},"end":{"line":10,"column":1}}}},"branchMap":{"0":{"loc":{"start":{"line":1,"column":12},"end":{"line":1,"column":null}},"type":"binary-expr","locations":[{"start":{"line":1,"column":12},"end":{"line":1,"column":23}},{"start":{"line":1,"column":23},"end":{"line":1,"column":null}}]}},"s":{"0":1,"1":1,"2":1,"3":1,"4":1,"5":1,"6":1,"7":1,"8":1},"f":{"0":1},"b":{"0":[1,1]}}
,"E:\\IT-incubator\\It-kamasutra\\homeWorks\\hw-01\\src\\videos\\settings\\settings.ts": {"path":"E:\\IT-incubator\\It-kamasutra\\homeWorks\\hw-01\\src\\videos\\settings\\settings.ts","statementMap":{"0":{"start":{"line":1,"column":0},"end":{"line":1,"column":33}},"1":{"start":{"line":2,"column":0},"end":{"line":2,"column":16}},"2":{"start":{"line":3,"column":13},"end":{"line":6,"column":2}}},"fnMap":{},"branchMap":{"0":{"loc":{"start":{"line":4,"column":8},"end":{"line":4,"column":32}},"type":"binary-expr","locations":[{"start":{"line":4,"column":8},"end":{"line":4,"column":24}},{"start":{"line":4,"column":28},"end":{"line":4,"column":32}}]}},"s":{"0":1,"1":1,"2":1},"f":{},"b":{"0":[1,0]}}
,"E:\\IT-incubator\\It-kamasutra\\homeWorks\\hw-01\\src\\videos\\settings\\HTTP_STATUSES\\HTTP_STATUSES.ts": {"path":"E:\\IT-incubator\\It-kamasutra\\homeWorks\\hw-01\\src\\videos\\settings\\HTTP_STATUSES\\HTTP_STATUSES.ts","statementMap":{"0":{"start":{"line":1,"column":13},"end":{"line":7,"column":2}}},"fnMap":{},"branchMap":{},"s":{"0":1},"f":{},"b":{}}
,"E:\\IT-incubator\\It-kamasutra\\homeWorks\\hw-01\\src\\videos\\utils\\createVideo.ts": {"path":"E:\\IT-incubator\\It-kamasutra\\homeWorks\\hw-01\\src\\videos\\utils\\createVideo.ts","statementMap":{"0":{"start":{"line":3,"column":27},"end":{"line":19,"column":1}},"1":{"start":{"line":4,"column":19},"end":{"line":4,"column":29}},"2":{"start":{"line":5,"column":26},"end":{"line":6,"column":70}},"3":{"start":{"line":6,"column":4},"end":{"line":6,"column":70}},"4":{"start":{"line":7,"column":2},"end":{"line":18,"column":4}},"5":{"start":{"line":3,"column":13},"end":{"line":3,"column":27}}},"fnMap":{"0":{"name":"(anonymous_0)","decl":{"start":{"line":3,"column":27},"end":{"line":3,"column":28}},"loc":{"start":{"line":3,"column":55},"end":{"line":19,"column":1}}},"1":{"name":"(anonymous_1)","decl":{"start":{"line":5,"column":26},"end":{"line":5,"column":27}},"loc":{"start":{"line":6,"column":4},"end":{"line":6,"column":70}}}},"branchMap":{"0":{"loc":{"start":{"line":15,"column":26},"end":{"line":17,"column":10}},"type":"cond-expr","locations":[{"start":{"line":16,"column":8},"end":{"line":16,"column":34}},{"start":{"line":17,"column":8},"end":{"line":17,"column":10}}]}},"s":{"0":1,"1":1,"2":1,"3":1,"4":1,"5":1},"f":{"0":1,"1":1},"b":{"0":[0,1]}}
,"E:\\IT-incubator\\It-kamasutra\\homeWorks\\hw-01\\src\\videos\\utils\\findIndexVideo.ts": {"path":"E:\\IT-incubator\\It-kamasutra\\homeWorks\\hw-01\\src\\videos\\utils\\findIndexVideo.ts","statementMap":{"0":{"start":{"line":1,"column":0},"end":{"line":1,"column":33}},"1":{"start":{"line":4,"column":30},"end":{"line":6,"column":1}},"2":{"start":{"line":5,"column":2},"end":{"line":5,"column":79}},"3":{"start":{"line":5,"column":54},"end":{"line":5,"column":77}},"4":{"start":{"line":4,"column":13},"end":{"line":4,"column":30}}},"fnMap":{"0":{"name":"(anonymous_0)","decl":{"start":{"line":4,"column":30},"end":{"line":4,"column":31}},"loc":{"start":{"line":4,"column":45},"end":{"line":6,"column":1}}},"1":{"name":"(anonymous_1)","decl":{"start":{"line":5,"column":29},"end":{"line":5,"column":30}},"loc":{"start":{"line":5,"column":54},"end":{"line":5,"column":77}}}},"branchMap":{},"s":{"0":1,"1":1,"2":4,"3":4,"4":1},"f":{"0":4,"1":4},"b":{}}
,"E:\\IT-incubator\\It-kamasutra\\homeWorks\\hw-01\\src\\videos\\utils\\validation\\inputValidation.ts": {"path":"E:\\IT-incubator\\It-kamasutra\\homeWorks\\hw-01\\src\\videos\\utils\\validation\\inputValidation.ts","statementMap":{"0":{"start":{"line":3,"column":0},"end":{"line":3,"column":57}},"1":{"start":{"line":4,"column":0},"end":{"line":4,"column":54}},"2":{"start":{"line":5,"column":0},"end":{"line":5,"column":76}},"3":{"start":{"line":6,"column":0},"end":{"line":6,"column":62}},"4":{"start":{"line":7,"column":0},"end":{"line":7,"column":54}},"5":{"start":{"line":9,"column":31},"end":{"line":52,"column":1}},"6":{"start":{"line":10,"column":33},"end":{"line":10,"column":55}},"7":{"start":{"line":11,"column":2},"end":{"line":16,"column":3}},"8":{"start":{"line":12,"column":4},"end":{"line":15,"column":7}},"9":{"start":{"line":17,"column":2},"end":{"line":22,"column":3}},"10":{"start":{"line":18,"column":4},"end":{"line":21,"column":7}},"11":{"start":{"line":23,"column":2},"end":{"line":28,"column":3}},"12":{"start":{"line":24,"column":4},"end":{"line":27,"column":7}},"13":{"start":{"line":29,"column":2},"end":{"line":34,"column":3}},"14":{"start":{"line":30,"column":4},"end":{"line":33,"column":7}},"15":{"start":{"line":35,"column":2},"end":{"line":40,"column":3}},"16":{"start":{"line":36,"column":4},"end":{"line":39,"column":7}},"17":{"start":{"line":41,"column":2},"end":{"line":49,"column":3}},"18":{"start":{"line":45,"column":4},"end":{"line":48,"column":7}},"19":{"start":{"line":51,"column":2},"end":{"line":51,"column":16}},"20":{"start":{"line":9,"column":13},"end":{"line":9,"column":31}}},"fnMap":{"0":{"name":"(anonymous_0)","decl":{"start":{"line":9,"column":31},"end":{"line":9,"column":32}},"loc":{"start":{"line":9,"column":59},"end":{"line":52,"column":1}}}},"branchMap":{"0":{"loc":{"start":{"line":11,"column":2},"end":{"line":16,"column":3}},"type":"if","locations":[{"start":{"line":11,"column":2},"end":{"line":16,"column":3}}]},"1":{"loc":{"start":{"line":17,"column":2},"end":{"line":22,"column":3}},"type":"if","locations":[{"start":{"line":17,"column":2},"end":{"line":22,"column":3}}]},"2":{"loc":{"start":{"line":23,"column":2},"end":{"line":28,"column":3}},"type":"if","locations":[{"start":{"line":23,"column":2},"end":{"line":28,"column":3}}]},"3":{"loc":{"start":{"line":29,"column":2},"end":{"line":34,"column":3}},"type":"if","locations":[{"start":{"line":29,"column":2},"end":{"line":34,"column":3}}]},"4":{"loc":{"start":{"line":29,"column":6},"end":{"line":29,"column":72}},"type":"binary-expr","locations":[{"start":{"line":29,"column":6},"end":{"line":29,"column":27}},{"start":{"line":29,"column":31},"end":{"line":29,"column":72}}]},"5":{"loc":{"start":{"line":35,"column":2},"end":{"line":40,"column":3}},"type":"if","locations":[{"start":{"line":35,"column":2},"end":{"line":40,"column":3}}]},"6":{"loc":{"start":{"line":41,"column":2},"end":{"line":49,"column":3}},"type":"if","locations":[{"start":{"line":41,"column":2},"end":{"line":49,"column":3}}]},"7":{"loc":{"start":{"line":42,"column":4},"end":{"line":43,"column":65}},"type":"binary-expr","locations":[{"start":{"line":42,"column":4},"end":{"line":42,"column":30}},{"start":{"line":43,"column":4},"end":{"line":43,"column":65}}]}},"s":{"0":1,"1":1,"2":1,"3":1,"4":1,"5":1,"6":9,"7":9,"8":3,"9":9,"10":2,"11":9,"12":1,"13":9,"14":1,"15":9,"16":0,"17":9,"18":0,"19":9,"20":1},"f":{"0":9},"b":{"0":[3],"1":[2],"2":[1],"3":[1],"4":[9,1],"5":[0],"6":[0],"7":[9,0]}}
,"E:\\IT-incubator\\It-kamasutra\\homeWorks\\hw-01\\src\\videos\\utils\\validation\\isNotBooleanType.ts": {"path":"E:\\IT-incubator\\It-kamasutra\\homeWorks\\hw-01\\src\\videos\\utils\\validation\\isNotBooleanType.ts","statementMap":{"0":{"start":{"line":1,"column":32},"end":{"line":9,"column":1}},"1":{"start":{"line":2,"column":2},"end":{"line":4,"column":3}},"2":{"start":{"line":3,"column":4},"end":{"line":3,"column":11}},"3":{"start":{"line":5,"column":2},"end":{"line":7,"column":3}},"4":{"start":{"line":6,"column":4},"end":{"line":6,"column":16}},"5":{"start":{"line":8,"column":2},"end":{"line":8,"column":15}},"6":{"start":{"line":1,"column":13},"end":{"line":1,"column":32}}},"fnMap":{"0":{"name":"(anonymous_0)","decl":{"start":{"line":1,"column":32},"end":{"line":1,"column":33}},"loc":{"start":{"line":1,"column":47},"end":{"line":9,"column":1}}}},"branchMap":{"0":{"loc":{"start":{"line":2,"column":2},"end":{"line":4,"column":3}},"type":"if","locations":[{"start":{"line":2,"column":2},"end":{"line":4,"column":3}}]},"1":{"loc":{"start":{"line":5,"column":2},"end":{"line":7,"column":3}},"type":"if","locations":[{"start":{"line":5,"column":2},"end":{"line":7,"column":3}}]},"2":{"loc":{"start":{"line":5,"column":6},"end":{"line":5,"column":50}},"type":"binary-expr","locations":[{"start":{"line":5,"column":6},"end":{"line":5,"column":32}},{"start":{"line":5,"column":36},"end":{"line":5,"column":50}}]}},"s":{"0":1,"1":9,"2":8,"3":1,"4":1,"5":0,"6":1},"f":{"0":9},"b":{"0":[8],"1":[1],"2":[1,1]}}
,"E:\\IT-incubator\\It-kamasutra\\homeWorks\\hw-01\\src\\videos\\utils\\validation\\isNotValidMinAgeRestriction.ts": {"path":"E:\\IT-incubator\\It-kamasutra\\homeWorks\\hw-01\\src\\videos\\utils\\validation\\isNotValidMinAgeRestriction.ts","statementMap":{"0":{"start":{"line":1,"column":43},"end":{"line":10,"column":1}},"1":{"start":{"line":2,"column":2},"end":{"line":8,"column":3}},"2":{"start":{"line":7,"column":4},"end":{"line":7,"column":17}},"3":{"start":{"line":9,"column":2},"end":{"line":9,"column":14}},"4":{"start":{"line":1,"column":13},"end":{"line":1,"column":43}}},"fnMap":{"0":{"name":"(anonymous_0)","decl":{"start":{"line":1,"column":43},"end":{"line":1,"column":44}},"loc":{"start":{"line":1,"column":58},"end":{"line":10,"column":1}}}},"branchMap":{"0":{"loc":{"start":{"line":2,"column":2},"end":{"line":8,"column":3}},"type":"if","locations":[{"start":{"line":2,"column":2},"end":{"line":8,"column":3}}]},"1":{"loc":{"start":{"line":3,"column":4},"end":{"line":5,"column":60}},"type":"binary-expr","locations":[{"start":{"line":3,"column":4},"end":{"line":3,"column":18}},{"start":{"line":4,"column":4},"end":{"line":4,"column":23}},{"start":{"line":5,"column":5},"end":{"line":5,"column":30}},{"start":{"line":5,"column":34},"end":{"line":5,"column":44}},{"start":{"line":5,"column":48},"end":{"line":5,"column":59}}]}},"s":{"0":1,"1":9,"2":9,"3":0,"4":1},"f":{"0":9},"b":{"0":[9],"1":[9,9,0,0,0]}}
,"E:\\IT-incubator\\It-kamasutra\\homeWorks\\hw-01\\src\\videos\\utils\\validation\\isNotValidResolution.ts": {"path":"E:\\IT-incubator\\It-kamasutra\\homeWorks\\hw-01\\src\\videos\\utils\\validation\\isNotValidResolution.ts","statementMap":{"0":{"start":{"line":1,"column":36},"end":{"line":14,"column":1}},"1":{"start":{"line":5,"column":2},"end":{"line":13,"column":5}},"2":{"start":{"line":6,"column":4},"end":{"line":6,"column":26}},"3":{"start":{"line":7,"column":4},"end":{"line":7,"column":39}},"4":{"start":{"line":8,"column":4},"end":{"line":12,"column":5}},"5":{"start":{"line":9,"column":6},"end":{"line":9,"column":18}},"6":{"start":{"line":11,"column":6},"end":{"line":11,"column":29}},"7":{"start":{"line":1,"column":13},"end":{"line":1,"column":36}}},"fnMap":{"0":{"name":"(anonymous_0)","decl":{"start":{"line":1,"column":36},"end":{"line":1,"column":null}},"loc":{"start":{"line":4,"column":4},"end":{"line":14,"column":1}}},"1":{"name":"(anonymous_1)","decl":{"start":{"line":5,"column":30},"end":{"line":5,"column":31}},"loc":{"start":{"line":5,"column":36},"end":{"line":13,"column":3}}}},"branchMap":{"0":{"loc":{"start":{"line":7,"column":4},"end":{"line":7,"column":38}},"type":"cond-expr","locations":[{"start":{"line":7,"column":16},"end":{"line":7,"column":20}},{"start":{"line":7,"column":23},"end":{"line":7,"column":38}}]},"1":{"loc":{"start":{"line":8,"column":4},"end":{"line":12,"column":5}},"type":"if","locations":[{"start":{"line":8,"column":4},"end":{"line":12,"column":5}},{"start":{"line":10,"column":11},"end":{"line":12,"column":5}}]}},"s":{"0":1,"1":0,"2":0,"3":0,"4":0,"5":0,"6":0,"7":1},"f":{"0":0,"1":0},"b":{"0":[0,0],"1":[0,0]}}
,"E:\\IT-incubator\\It-kamasutra\\homeWorks\\hw-01\\src\\videos\\utils\\validation\\isNotValidString.ts": {"path":"E:\\IT-incubator\\It-kamasutra\\homeWorks\\hw-01\\src\\videos\\utils\\validation\\isNotValidString.ts","statementMap":{"0":{"start":{"line":1,"column":32},"end":{"line":11,"column":1}},"1":{"start":{"line":5,"column":2},"end":{"line":7,"column":3}},"2":{"start":{"line":6,"column":4},"end":{"line":6,"column":16}},"3":{"start":{"line":8,"column":2},"end":{"line":10,"column":20}},"4":{"start":{"line":9,"column":4},"end":{"line":9,"column":16}},"5":{"start":{"line":10,"column":7},"end":{"line":10,"column":20}},"6":{"start":{"line":1,"column":13},"end":{"line":1,"column":32}}},"fnMap":{"0":{"name":"(anonymous_0)","decl":{"start":{"line":1,"column":32},"end":{"line":1,"column":null}},"loc":{"start":{"line":4,"column":13},"end":{"line":11,"column":1}}}},"branchMap":{"0":{"loc":{"start":{"line":5,"column":2},"end":{"line":7,"column":3}},"type":"if","locations":[{"start":{"line":5,"column":2},"end":{"line":7,"column":3}}]},"1":{"loc":{"start":{"line":5,"column":6},"end":{"line":5,"column":75}},"type":"binary-expr","locations":[{"start":{"line":5,"column":6},"end":{"line":5,"column":26}},{"start":{"line":5,"column":30},"end":{"line":5,"column":45}},{"start":{"line":5,"column":49},"end":{"line":5,"column":75}}]},"2":{"loc":{"start":{"line":8,"column":2},"end":{"line":10,"column":20}},"type":"if","locations":[{"start":{"line":8,"column":2},"end":{"line":10,"column":20}},{"start":{"line":10,"column":7},"end":{"line":10,"column":20}}]},"3":{"loc":{"start":{"line":8,"column":6},"end":{"line":8,"column":71}},"type":"binary-expr","locations":[{"start":{"line":8,"column":6},"end":{"line":8,"column":41}},{"start":{"line":8,"column":45},"end":{"line":8,"column":71}}]}},"s":{"0":1,"1":18,"2":3,"3":15,"4":2,"5":13,"6":1},"f":{"0":18},"b":{"0":[3],"1":[18,16,16],"2":[2,13],"3":[15,15]}}
}
