TN:
SF:__tests__\test-helpers.ts
FNF:0
FNH:0
DA:1,1
DA:2,1
DA:3,1
LF:3
LH:3
BRF:0
BRH:0
end_of_record
TN:
SF:src\app.ts
FN:14,(anonymous_1)
FNF:1
FNH:0
FNDA:0,(anonymous_1)
DA:1,1
DA:2,1
DA:3,1
DA:4,1
DA:5,1
DA:6,1
DA:8,1
DA:10,1
DA:11,1
DA:12,1
DA:14,1
DA:15,0
DA:16,0
LF:13
LH:11
BRF:0
BRH:0
end_of_record
TN:
SF:src\db\db.ts
FN:5,(anonymous_0)
FNF:1
FNH:1
FNDA:1,(anonymous_0)
DA:4,1
DA:5,1
DA:6,1
DA:7,1
DA:8,1
DA:10,0
LF:6
LH:5
BRDA:6,0,0,1
BRDA:6,0,1,0
BRDA:10,1,0,0
BRDA:10,1,1,0
BRF:4
BRH:1
end_of_record
TN:
SF:src\videos\router.ts
FNF:0
FNH:0
DA:1,1
DA:2,1
DA:3,1
DA:4,1
DA:5,1
DA:7,1
DA:8,1
DA:9,1
DA:10,1
DA:11,1
DA:12,1
LF:11
LH:11
BRF:0
BRH:0
end_of_record
TN:
SF:src\videos\controllers\createVideoController.ts
FN:11,(anonymous_0)
FNF:1
FNH:1
FNDA:4,(anonymous_0)
DA:3,1
DA:4,1
DA:6,1
DA:7,1
DA:11,1
DA:15,4
DA:16,4
DA:17,3
DA:18,3
DA:20,1
DA:21,1
DA:22,1
LF:12
LH:12
BRDA:16,0,0,3
BRF:1
BRH:1
end_of_record
TN:
SF:src\videos\controllers\deleteVideoController.ts
FN:8,(anonymous_0)
FNF:1
FNH:1
FNDA:2,(anonymous_0)
DA:4,1
DA:5,1
DA:6,1
DA:8,1
DA:12,2
DA:13,2
DA:14,1
DA:15,1
DA:16,1
DA:18,1
LF:10
LH:10
BRDA:13,0,0,1
BRF:1
BRH:1
end_of_record
TN:
SF:src\videos\controllers\getVideoController.ts
FN:8,(anonymous_0)
FN:16,(anonymous_1)
FNF:2
FNH:2
FNDA:7,(anonymous_0)
FNDA:3,(anonymous_1)
DA:2,1
DA:4,1
DA:8,1
DA:12,7
DA:13,4
DA:14,4
DA:16,3
DA:17,3
DA:18,2
DA:19,2
DA:21,1
LF:11
LH:11
BRDA:12,0,0,4
BRDA:12,0,1,3
BRDA:17,1,0,2
BRDA:17,1,1,1
BRF:4
BRH:4
end_of_record
TN:
SF:src\videos\controllers\updateVideoController.ts
FN:13,(anonymous_0)
FNF:1
FNH:1
FNDA:5,(anonymous_0)
DA:7,1
DA:8,1
DA:9,1
DA:11,1
DA:13,1
DA:18,5
DA:19,5
DA:20,3
DA:21,3
DA:23,2
DA:24,2
DA:25,1
DA:29,1
DA:30,1
DA:32,1
LF:15
LH:15
BRDA:19,0,0,3
BRDA:24,1,0,1
BRF:2
BRH:2
end_of_record
TN:
SF:src\videos\settings\resolutions.ts
FN:1,(anonymous_0)
FNF:1
FNH:1
FNDA:1,(anonymous_0)
DA:1,1
DA:2,1
DA:3,1
DA:4,1
DA:5,1
DA:6,1
DA:7,1
DA:8,1
DA:9,1
LF:9
LH:9
BRDA:1,0,0,1
BRDA:1,0,1,1
BRF:2
BRH:2
end_of_record
TN:
SF:src\videos\settings\settings.ts
FNF:0
FNH:0
DA:1,1
DA:2,1
DA:3,1
LF:3
LH:3
BRDA:4,0,0,1
BRDA:4,0,1,0
BRF:2
BRH:1
end_of_record
TN:
SF:src\videos\settings\HTTP_STATUSES\HTTP_STATUSES.ts
FNF:0
FNH:0
DA:1,1
LF:1
LH:1
BRF:0
BRH:0
end_of_record
TN:
SF:src\videos\utils\createVideo.ts
FN:3,(anonymous_0)
FN:5,(anonymous_1)
FNF:2
FNH:2
FNDA:1,(anonymous_0)
FNDA:1,(anonymous_1)
DA:3,1
DA:4,1
DA:5,1
DA:6,1
DA:7,1
LF:5
LH:5
BRDA:15,0,0,0
BRDA:15,0,1,1
BRF:2
BRH:1
end_of_record
TN:
SF:src\videos\utils\findIndexVideo.ts
FN:4,(anonymous_0)
FN:5,(anonymous_1)
FNF:2
FNH:2
FNDA:4,(anonymous_0)
FNDA:4,(anonymous_1)
DA:1,1
DA:4,1
DA:5,4
LF:3
LH:3
BRF:0
BRH:0
end_of_record
TN:
SF:src\videos\utils\validation\inputValidation.ts
FN:9,(anonymous_0)
FNF:1
FNH:1
FNDA:9,(anonymous_0)
DA:3,1
DA:4,1
DA:5,1
DA:6,1
DA:7,1
DA:9,1
DA:10,9
DA:11,9
DA:12,3
DA:17,9
DA:18,2
DA:23,9
DA:24,1
DA:29,9
DA:30,1
DA:35,9
DA:36,0
DA:41,9
DA:45,0
DA:51,9
LF:20
LH:18
BRDA:11,0,0,3
BRDA:17,1,0,2
BRDA:23,2,0,1
BRDA:29,3,0,1
BRDA:29,4,0,9
BRDA:29,4,1,1
BRDA:35,5,0,0
BRDA:41,6,0,0
BRDA:42,7,0,9
BRDA:42,7,1,0
BRF:10
BRH:7
end_of_record
TN:
SF:src\videos\utils\validation\isNotBooleanType.ts
FN:1,(anonymous_0)
FNF:1
FNH:1
FNDA:9,(anonymous_0)
DA:1,1
DA:2,9
DA:3,8
DA:5,1
DA:6,1
DA:8,0
LF:6
LH:5
BRDA:2,0,0,8
BRDA:5,1,0,1
BRDA:5,2,0,1
BRDA:5,2,1,1
BRF:4
BRH:4
end_of_record
TN:
SF:src\videos\utils\validation\isNotValidMinAgeRestriction.ts
FN:1,(anonymous_0)
FNF:1
FNH:1
FNDA:9,(anonymous_0)
DA:1,1
DA:2,9
DA:7,9
DA:9,0
LF:4
LH:3
BRDA:2,0,0,9
BRDA:3,1,0,9
BRDA:3,1,1,9
BRDA:3,1,2,0
BRDA:3,1,3,0
BRDA:3,1,4,0
BRF:6
BRH:3
end_of_record
TN:
SF:src\videos\utils\validation\isNotValidResolution.ts
FN:1,(anonymous_0)
FN:5,(anonymous_1)
FNF:2
FNH:0
FNDA:0,(anonymous_0)
FNDA:0,(anonymous_1)
DA:1,1
DA:5,0
DA:6,0
DA:7,0
DA:8,0
DA:9,0
DA:11,0
LF:7
LH:1
BRDA:7,0,0,0
BRDA:7,0,1,0
BRDA:8,1,0,0
BRDA:8,1,1,0
BRF:4
BRH:0
end_of_record
TN:
SF:src\videos\utils\validation\isNotValidString.ts
FN:1,(anonymous_0)
FNF:1
FNH:1
FNDA:18,(anonymous_0)
DA:1,1
DA:5,18
DA:6,3
DA:8,15
DA:9,2
DA:10,13
LF:6
LH:6
BRDA:5,0,0,3
BRDA:5,1,0,18
BRDA:5,1,1,16
BRDA:5,1,2,16
BRDA:8,2,0,2
BRDA:8,2,1,13
BRDA:8,3,0,15
BRDA:8,3,1,15
BRF:8
BRH:8
end_of_record
